<?xml version="1.0" encoding="UTF-8"?>
<testsuite xmlns:xsi="http://www.w3.org/2001/XMLSchema-instance" xsi:noNamespaceSchemaLocation="https://maven.apache.org/surefire/maven-surefire-plugin/xsd/surefire-test-report.xsd" version="3.0.2" name="com.example.demo.SpringHelloWorldApplicationTests" time="3.877" tests="1" errors="0" skipped="0" failures="0">
  <properties>
[...]
</properties>
  <testcase name="contextLoads" classname="com.example.demo.SpringHelloWorldApplicationTests" time="1.021">
    <system-out><![CDATA[15:23:25.949 [main] INFO org.springframework.test.context.support.AnnotationConfigContextLoaderUtils -- Could not detect default configuration classes for test class [com.example.demo.SpringHelloWorldApplicationTests]: SpringHelloWorldApplicationTests does not declare any static, non-private, non-final, nested classes annotated with @Configuration.
15:23:26.115 [main] INFO org.springframework.boot.test.context.SpringBootTestContextBootstrapper -- Found @SpringBootConfiguration com.example.demo.SpringHelloWorldApplication for test class com.example.demo.SpringHelloWorldApplicationTests
15:23:26.382 [main] INFO org.springframework.boot.devtools.restart.RestartApplicationListener -- Restart disabled due to context in which it is running

  .   ____          _            __ _ _
 /\\ / ___'_ __ _ _(_)_ __  __ _ \ \ \ \
( ( )\___ | '_ | '_| | '_ \/ _` | \ \ \ \
 \\/  ___)| |_)| | | | | || (_| |  ) ) ) )
  '  |____| .__|_| |_|_| |_\__, | / / / /
 =========|_|==============|___/=/_/_/_/

 :: Spring Boot ::                (v3.5.7)

2025-10-28T15:23:26.777+06:30  INFO 19964 --- [Spring-HelloWorld] [           main] c.e.d.SpringHelloWorldApplicationTests   : Starting SpringHelloWorldApplicationTests using Java 21.0.4 with PID 19964 (started by htetm in D:\eclipse-workspace\Spring-HelloWorld)
2025-10-28T15:23:26.780+06:30  INFO 19964 --- [Spring-HelloWorld] [           main] c.e.d.SpringHelloWorldApplicationTests   : No active profile set, falling back to 1 default profile: "default"
2025-10-28T15:23:28.550+06:30  INFO 19964 --- [Spring-HelloWorld] [           main] c.e.d.SpringHelloWorldApplicationTests   : Started SpringHelloWorldApplicationTests in 2.186 seconds (process running for 3.853)
]]></system-out>
    <system-err><![CDATA[Mockito is currently self-attaching to enable the inline-mock-maker. This will no longer work in future releases of the JDK. Please add Mockito as an agent to your build as described in Mockito's documentation: https://javadoc.io/doc/org.mockito/mockito-core/latest/org.mockito/org/mockito/Mockito.html#0.3
WARNING: A Java agent has been loaded dynamically (C:\Users\htetm\.m2\repository\net\bytebuddy\byte-buddy-agent\1.17.8\byte-buddy-agent-1.17.8.jar)
WARNING: If a serviceability tool is in use, please run with -XX:+EnableDynamicAgentLoading to hide this warning
WARNING: If a serviceability tool is not in use, please run with -Djdk.instrument.traceUsage for more information
WARNING: Dynamic loading of agents will be disallowed by default in a future release
]]></system-err>
  </testcase>
</testsuite>